This file contains any messages produced by compilers while
running configure, to aid debugging if configure makes a mistake.

It was created by ethtool configure 4.19, which was
generated by GNU Autoconf 2.69.  Invocation command line was

  $ ./configure --target=arm-openwrt-linux --host=arm-openwrt-linux --build=x86_64-linux-gnu --program-prefix= --program-suffix= --prefix=/usr --exec-prefix=/usr --bindir=/usr/bin --sbindir=/usr/sbin --libexecdir=/usr/lib --sysconfdir=/etc --datadir=/usr/share --localstatedir=/var --mandir=/usr/man --infodir=/usr/info --disable-nls --enable-pretty-dump

## --------- ##
## Platform. ##
## --------- ##

hostname = CJSCOPE
uname -m = x86_64
uname -r = 4.4.0-43-generic
uname -s = Linux
uname -v = #63-Ubuntu SMP Wed Oct 12 13:48:03 UTC 2016

/usr/bin/uname -p = unknown
/bin/uname -X     = unknown

/bin/arch              = unknown
/usr/bin/arch -k       = unknown
/usr/convex/getsysinfo = unknown
/usr/bin/hostinfo      = unknown
/bin/machine           = unknown
/usr/bin/oslevel       = unknown
/bin/universe          = unknown

PATH: /home/shane/Downloads/action/New_SDK/Vecoo-SDK-v5-hdmi.Linux-x86_64/out/v5-hdmi/staging_dir/target/host/bin
PATH: /home/shane/Downloads/action/New_SDK/Vecoo-SDK-v5-hdmi.Linux-x86_64/out/v5-hdmi/staging_dir/toolchain/bin
PATH: /home/shane/Downloads/action/New_SDK/Vecoo-SDK-v5-hdmi.Linux-x86_64/prebuilt/gcc/linux-x86/arm/toolchain-sun8iw12p1-glibc/toolchain/usr/bin
PATH: /home/shane/Downloads/action/New_SDK/Vecoo-SDK-v5-hdmi.Linux-x86_64/prebuilt/gcc/linux-x86/arm/toolchain-sun8iw12p1-glibc/toolchain/bin
PATH: /home/shane/Downloads/action/New_SDK/Vecoo-SDK-v5-hdmi.Linux-x86_64/out/v5-hdmi/staging_dir/toolchain/bin
PATH: /home/shane/Downloads/action/New_SDK/Vecoo-SDK-v5-hdmi.Linux-x86_64/prebuilt/gcc/linux-x86/arm/toolchain-sun8iw12p1-glibc/toolchain/usr/bin
PATH: /home/shane/Downloads/action/New_SDK/Vecoo-SDK-v5-hdmi.Linux-x86_64/prebuilt/gcc/linux-x86/arm/toolchain-sun8iw12p1-glibc/toolchain/bin
PATH: /home/shane/Downloads/action/New_SDK/Vecoo-SDK-v5-hdmi.Linux-x86_64/out/host/bin
PATH: /home/shane/Downloads/action/New_SDK/Vecoo-SDK-v5-hdmi.Linux-x86_64/out/v5-hdmi/staging_dir/toolchain/bin
PATH: /home/shane/Downloads/action/New_SDK/Vecoo-SDK-v5-hdmi.Linux-x86_64/prebuilt/gcc/linux-x86/arm/toolchain-sun8iw12p1-glibc/toolchain/usr/bin
PATH: /home/shane/Downloads/action/New_SDK/Vecoo-SDK-v5-hdmi.Linux-x86_64/prebuilt/gcc/linux-x86/arm/toolchain-sun8iw12p1-glibc/toolchain/bin
PATH: /home/shane/Downloads/action/New_SDK/Vecoo-SDK-v5-hdmi.Linux-x86_64/out/host/bin
PATH: /home/shane/Downloads/action/New_SDK/Vecoo-SDK-v5-hdmi.Linux-x86_64/out/host/bin
PATH: /home/shane/Alexa_SampleAPP/local-builds/bin
PATH: /home/shane/.local/share/umake/bin
PATH: /usr/local/sbin
PATH: /usr/local/bin
PATH: /usr/sbin
PATH: /usr/bin
PATH: /sbin
PATH: /bin
PATH: /usr/games
PATH: /usr/local/games


## ----------- ##
## Core tests. ##
## ----------- ##

configure:1900: loading site script /home/shane/Downloads/action/New_SDK/Vecoo-SDK-v5-hdmi.Linux-x86_64/build/site/arm
| #!/bin/sh
| . $TOPDIR/build/site/linux
| ac_cv_c_littleendian=${ac_cv_c_littleendian=yes}
| ac_cv_c_bigendian=${ac_cv_c_bigendian=no}
| 
| ac_cv_sizeof___int64=0
| ac_cv_sizeof_char=1
| ac_cv_sizeof_int=4
| ac_cv_sizeof_int16_t=2
| ac_cv_sizeof_int32_t=4
| ac_cv_sizeof_int64_t=8
| ac_cv_sizeof_long_int=4
| ac_cv_sizeof_long_long=8
| ac_cv_sizeof_long=4
| ac_cv_sizeof_off_t=8
| ac_cv_sizeof_short_int=2
| ac_cv_sizeof_short=2
| ac_cv_sizeof_size_t=4
| ac_cv_sizeof_ssize_t=4
| ac_cv_sizeof_u_int16_t=2
| ac_cv_sizeof_u_int32_t=4
| ac_cv_sizeof_u_int64_t=8
| ac_cv_sizeof_uint16_t=2
| ac_cv_sizeof_uint32_t=4
| ac_cv_sizeof_uint64_t=8
| ac_cv_sizeof_unsigned_int=4
| ac_cv_sizeof_unsigned_long=4
| ac_cv_sizeof_unsigned_long_long=8
| ac_cv_sizeof_unsigned_short=2
| ac_cv_sizeof_void_p=4
configure:2043: checking for a BSD-compatible install
configure:2111: result: /usr/bin/install -c
configure:2122: checking whether build environment is sane
configure:2177: result: yes
configure:2236: checking for arm-openwrt-linux-strip
configure:2263: result: arm-linux-gnueabi-strip
configure:2328: checking for a thread-safe mkdir -p
configure:2367: result: /bin/mkdir -p
configure:2374: checking for gawk
configure:2390: found /usr/bin/gawk
configure:2401: result: gawk
configure:2412: checking whether make sets $(MAKE)
configure:2434: result: yes
configure:2463: checking whether make supports nested variables
configure:2480: result: yes
configure:2611: checking whether to enable maintainer-specific portions of Makefiles
configure:2620: result: no
configure:2642: checking for arm-openwrt-linux-gcc
configure:2669: result: arm-linux-gnueabi-gcc
configure:2938: checking for C compiler version
configure:2947: arm-linux-gnueabi-gcc --version >&5
arm-linux-gnueabi-gcc (Linaro GCC 5.3-2016.05) 5.3.1 20160412
Copyright (C) 2015 Free Software Foundation, Inc.
This is free software; see the source for copying conditions.  There is NO
warranty; not even for MERCHANTABILITY or FITNESS FOR A PARTICULAR PURPOSE.

configure:2958: $? = 0
configure:2947: arm-linux-gnueabi-gcc -v >&5
Using built-in specs.
COLLECT_GCC=/home/shane/Downloads/action/New_SDK/Vecoo-SDK-v5-hdmi.Linux-x86_64/prebuilt/gcc/linux-x86/arm/toolchain-sun8iw12p1-glibc/toolchain/bin/arm-linux-gnueabi-gcc
COLLECT_LTO_WRAPPER=/home/shane/Downloads/action/New_SDK/Vecoo-SDK-v5-hdmi.Linux-x86_64/prebuilt/gcc/linux-x86/arm/toolchain-sun8iw12p1-glibc/toolchain/bin/../libexec/gcc/arm-linux-gnueabi/5.3.1/lto-wrapper
Target: arm-linux-gnueabi
Configured with: /home/tcwg-buildslave/workspace/tcwg-make-release/label/docker-trusty-amd64-tcwg/target/arm-linux-gnueabi/snapshots/gcc-linaro-5.3-2016.05/configure SHELL=/bin/bash --with-mpc=/home/tcwg-buildslave/workspace/tcwg-make-release/label/docker-trusty-amd64-tcwg/target/arm-linux-gnueabi/_build/builds/destdir/x86_64-unknown-linux-gnu --with-mpfr=/home/tcwg-buildslave/workspace/tcwg-make-release/label/docker-trusty-amd64-tcwg/target/arm-linux-gnueabi/_build/builds/destdir/x86_64-unknown-linux-gnu --with-gmp=/home/tcwg-buildslave/workspace/tcwg-make-release/label/docker-trusty-amd64-tcwg/target/arm-linux-gnueabi/_build/builds/destdir/x86_64-unknown-linux-gnu --with-gnu-as --with-gnu-ld --disable-libstdcxx-pch --disable-libmudflap --with-cloog=no --with-ppl=no --with-isl=no --disable-nls --enable-c99 --with-tune=cortex-a9 --with-arch=armv7-a --with-fpu=vfpv3-d16 --with-float=softfp --with-mode=thumb --disable-multilib --enable-multiarch --with-build-sysroot=/home/tcwg-buildslave/workspace/tcwg-make-release/label/docker-trusty-amd64-tcwg/target/arm-linux-gnueabi/_build/sysroots/arm-linux-gnueabi --enable-lto --enable-linker-build-id --enable-long-long --enable-shared --with-sysroot=/home/tcwg-buildslave/workspace/tcwg-make-release/label/docker-trusty-amd64-tcwg/target/arm-linux-gnueabi/_build/builds/destdir/x86_64-unknown-linux-gnu/arm-linux-gnueabi/libc --enable-languages=c,c++,fortran,lto --enable-checking=release --disable-bootstrap --build=x86_64-unknown-linux-gnu --host=x86_64-unknown-linux-gnu --target=arm-linux-gnueabi --prefix=/home/tcwg-buildslave/workspace/tcwg-make-release/label/docker-trusty-amd64-tcwg/target/arm-linux-gnueabi/_build/builds/destdir/x86_64-unknown-linux-gnu
Thread model: posix
gcc version 5.3.1 20160412 (Linaro GCC 5.3-2016.05) 
configure:2958: $? = 0
configure:2947: arm-linux-gnueabi-gcc -V >&5
arm-linux-gnueabi-gcc: error: unrecognized command line option '-V'
arm-linux-gnueabi-gcc: fatal error: no input files
compilation terminated.
configure:2958: $? = 1
configure:2947: arm-linux-gnueabi-gcc -qversion >&5
arm-linux-gnueabi-gcc: error: unrecognized command line option '-qversion'
arm-linux-gnueabi-gcc: fatal error: no input files
compilation terminated.
configure:2958: $? = 1
configure:2978: checking whether the C compiler works
configure:3000: arm-linux-gnueabi-gcc -Os -pipe -march=armv7-a -mtune=cortex-a7 -mfpu=neon -fno-caller-saves -fno-plt -mfloat-abi=softfp  -Wformat -Werror=format-security -D_FORTIFY_SOURCE=1 -Wl,-z,now -Wl,-z,relro  -I/home/shane/Downloads/action/New_SDK/Vecoo-SDK-v5-hdmi.Linux-x86_64/out/v5-hdmi/staging_dir/target/usr/include -I/home/shane/Downloads/action/New_SDK/Vecoo-SDK-v5-hdmi.Linux-x86_64/out/v5-hdmi/staging_dir/target/include -I/home/shane/Downloads/action/New_SDK/Vecoo-SDK-v5-hdmi.Linux-x86_64/prebuilt/gcc/linux-x86/arm/toolchain-sun8iw12p1-glibc/toolchain/usr/include -I/home/shane/Downloads/action/New_SDK/Vecoo-SDK-v5-hdmi.Linux-x86_64/prebuilt/gcc/linux-x86/arm/toolchain-sun8iw12p1-glibc/toolchain/include  -L/home/shane/Downloads/action/New_SDK/Vecoo-SDK-v5-hdmi.Linux-x86_64/out/v5-hdmi/staging_dir/target/usr/lib -L/home/shane/Downloads/action/New_SDK/Vecoo-SDK-v5-hdmi.Linux-x86_64/out/v5-hdmi/staging_dir/target/lib -L/home/shane/Downloads/action/New_SDK/Vecoo-SDK-v5-hdmi.Linux-x86_64/prebuilt/gcc/linux-x86/arm/toolchain-sun8iw12p1-glibc/toolchain/usr/lib -L/home/shane/Downloads/action/New_SDK/Vecoo-SDK-v5-hdmi.Linux-x86_64/prebuilt/gcc/linux-x86/arm/toolchain-sun8iw12p1-glibc/toolchain/lib -znow -zrelro  conftest.c  >&5
configure:3004: $? = 0
configure:3052: result: yes
configure:3055: checking for C compiler default output file name
configure:3057: result: a.out
configure:3063: checking for suffix of executables
configure:3070: arm-linux-gnueabi-gcc -o conftest -Os -pipe -march=armv7-a -mtune=cortex-a7 -mfpu=neon -fno-caller-saves -fno-plt -mfloat-abi=softfp  -Wformat -Werror=format-security -D_FORTIFY_SOURCE=1 -Wl,-z,now -Wl,-z,relro  -I/home/shane/Downloads/action/New_SDK/Vecoo-SDK-v5-hdmi.Linux-x86_64/out/v5-hdmi/staging_dir/target/usr/include -I/home/shane/Downloads/action/New_SDK/Vecoo-SDK-v5-hdmi.Linux-x86_64/out/v5-hdmi/staging_dir/target/include -I/home/shane/Downloads/action/New_SDK/Vecoo-SDK-v5-hdmi.Linux-x86_64/prebuilt/gcc/linux-x86/arm/toolchain-sun8iw12p1-glibc/toolchain/usr/include -I/home/shane/Downloads/action/New_SDK/Vecoo-SDK-v5-hdmi.Linux-x86_64/prebuilt/gcc/linux-x86/arm/toolchain-sun8iw12p1-glibc/toolchain/include  -L/home/shane/Downloads/action/New_SDK/Vecoo-SDK-v5-hdmi.Linux-x86_64/out/v5-hdmi/staging_dir/target/usr/lib -L/home/shane/Downloads/action/New_SDK/Vecoo-SDK-v5-hdmi.Linux-x86_64/out/v5-hdmi/staging_dir/target/lib -L/home/shane/Downloads/action/New_SDK/Vecoo-SDK-v5-hdmi.Linux-x86_64/prebuilt/gcc/linux-x86/arm/toolchain-sun8iw12p1-glibc/toolchain/usr/lib -L/home/shane/Downloads/action/New_SDK/Vecoo-SDK-v5-hdmi.Linux-x86_64/prebuilt/gcc/linux-x86/arm/toolchain-sun8iw12p1-glibc/toolchain/lib -znow -zrelro  conftest.c  >&5
configure:3074: $? = 0
configure:3096: result: 
configure:3118: checking whether we are cross compiling
configure:3156: result: yes
configure:3161: checking for suffix of object files
configure:3183: arm-linux-gnueabi-gcc -c -Os -pipe -march=armv7-a -mtune=cortex-a7 -mfpu=neon -fno-caller-saves -fno-plt -mfloat-abi=softfp  -Wformat -Werror=format-security -D_FORTIFY_SOURCE=1 -Wl,-z,now -Wl,-z,relro  -I/home/shane/Downloads/action/New_SDK/Vecoo-SDK-v5-hdmi.Linux-x86_64/out/v5-hdmi/staging_dir/target/usr/include -I/home/shane/Downloads/action/New_SDK/Vecoo-SDK-v5-hdmi.Linux-x86_64/out/v5-hdmi/staging_dir/target/include -I/home/shane/Downloads/action/New_SDK/Vecoo-SDK-v5-hdmi.Linux-x86_64/prebuilt/gcc/linux-x86/arm/toolchain-sun8iw12p1-glibc/toolchain/usr/include -I/home/shane/Downloads/action/New_SDK/Vecoo-SDK-v5-hdmi.Linux-x86_64/prebuilt/gcc/linux-x86/arm/toolchain-sun8iw12p1-glibc/toolchain/include  conftest.c >&5
configure:3187: $? = 0
configure:3208: result: o
configure:3212: checking whether we are using the GNU C compiler
configure:3231: arm-linux-gnueabi-gcc -c -Os -pipe -march=armv7-a -mtune=cortex-a7 -mfpu=neon -fno-caller-saves -fno-plt -mfloat-abi=softfp  -Wformat -Werror=format-security -D_FORTIFY_SOURCE=1 -Wl,-z,now -Wl,-z,relro  -I/home/shane/Downloads/action/New_SDK/Vecoo-SDK-v5-hdmi.Linux-x86_64/out/v5-hdmi/staging_dir/target/usr/include -I/home/shane/Downloads/action/New_SDK/Vecoo-SDK-v5-hdmi.Linux-x86_64/out/v5-hdmi/staging_dir/target/include -I/home/shane/Downloads/action/New_SDK/Vecoo-SDK-v5-hdmi.Linux-x86_64/prebuilt/gcc/linux-x86/arm/toolchain-sun8iw12p1-glibc/toolchain/usr/include -I/home/shane/Downloads/action/New_SDK/Vecoo-SDK-v5-hdmi.Linux-x86_64/prebuilt/gcc/linux-x86/arm/toolchain-sun8iw12p1-glibc/toolchain/include  conftest.c >&5
configure:3231: $? = 0
configure:3240: result: yes
configure:3249: checking whether arm-linux-gnueabi-gcc accepts -g
configure:3269: arm-linux-gnueabi-gcc -c -g -I/home/shane/Downloads/action/New_SDK/Vecoo-SDK-v5-hdmi.Linux-x86_64/out/v5-hdmi/staging_dir/target/usr/include -I/home/shane/Downloads/action/New_SDK/Vecoo-SDK-v5-hdmi.Linux-x86_64/out/v5-hdmi/staging_dir/target/include -I/home/shane/Downloads/action/New_SDK/Vecoo-SDK-v5-hdmi.Linux-x86_64/prebuilt/gcc/linux-x86/arm/toolchain-sun8iw12p1-glibc/toolchain/usr/include -I/home/shane/Downloads/action/New_SDK/Vecoo-SDK-v5-hdmi.Linux-x86_64/prebuilt/gcc/linux-x86/arm/toolchain-sun8iw12p1-glibc/toolchain/include  conftest.c >&5
configure:3269: $? = 0
configure:3310: result: yes
configure:3327: checking for arm-linux-gnueabi-gcc option to accept ISO C89
configure:3390: arm-linux-gnueabi-gcc  -c -Os -pipe -march=armv7-a -mtune=cortex-a7 -mfpu=neon -fno-caller-saves -fno-plt -mfloat-abi=softfp  -Wformat -Werror=format-security -D_FORTIFY_SOURCE=1 -Wl,-z,now -Wl,-z,relro  -I/home/shane/Downloads/action/New_SDK/Vecoo-SDK-v5-hdmi.Linux-x86_64/out/v5-hdmi/staging_dir/target/usr/include -I/home/shane/Downloads/action/New_SDK/Vecoo-SDK-v5-hdmi.Linux-x86_64/out/v5-hdmi/staging_dir/target/include -I/home/shane/Downloads/action/New_SDK/Vecoo-SDK-v5-hdmi.Linux-x86_64/prebuilt/gcc/linux-x86/arm/toolchain-sun8iw12p1-glibc/toolchain/usr/include -I/home/shane/Downloads/action/New_SDK/Vecoo-SDK-v5-hdmi.Linux-x86_64/prebuilt/gcc/linux-x86/arm/toolchain-sun8iw12p1-glibc/toolchain/include  conftest.c >&5
configure:3390: $? = 0
configure:3403: result: none needed
configure:3428: checking whether arm-linux-gnueabi-gcc understands -c and -o together
configure:3450: arm-linux-gnueabi-gcc -c conftest.c -o conftest2.o
configure:3453: $? = 0
configure:3450: arm-linux-gnueabi-gcc -c conftest.c -o conftest2.o
configure:3453: $? = 0
configure:3465: result: yes
configure:3493: checking for style of include used by make
configure:3521: result: GNU
configure:3547: checking dependency style of arm-linux-gnueabi-gcc
configure:3658: result: gcc3
configure:3679: checking how to run the C preprocessor
configure:3710: arm-linux-gnueabi-gcc -E -I/home/shane/Downloads/action/New_SDK/Vecoo-SDK-v5-hdmi.Linux-x86_64/out/v5-hdmi/staging_dir/target/usr/include -I/home/shane/Downloads/action/New_SDK/Vecoo-SDK-v5-hdmi.Linux-x86_64/out/v5-hdmi/staging_dir/target/include -I/home/shane/Downloads/action/New_SDK/Vecoo-SDK-v5-hdmi.Linux-x86_64/prebuilt/gcc/linux-x86/arm/toolchain-sun8iw12p1-glibc/toolchain/usr/include -I/home/shane/Downloads/action/New_SDK/Vecoo-SDK-v5-hdmi.Linux-x86_64/prebuilt/gcc/linux-x86/arm/toolchain-sun8iw12p1-glibc/toolchain/include  conftest.c
configure:3710: $? = 0
configure:3724: arm-linux-gnueabi-gcc -E -I/home/shane/Downloads/action/New_SDK/Vecoo-SDK-v5-hdmi.Linux-x86_64/out/v5-hdmi/staging_dir/target/usr/include -I/home/shane/Downloads/action/New_SDK/Vecoo-SDK-v5-hdmi.Linux-x86_64/out/v5-hdmi/staging_dir/target/include -I/home/shane/Downloads/action/New_SDK/Vecoo-SDK-v5-hdmi.Linux-x86_64/prebuilt/gcc/linux-x86/arm/toolchain-sun8iw12p1-glibc/toolchain/usr/include -I/home/shane/Downloads/action/New_SDK/Vecoo-SDK-v5-hdmi.Linux-x86_64/prebuilt/gcc/linux-x86/arm/toolchain-sun8iw12p1-glibc/toolchain/include  conftest.c
conftest.c:11:28: fatal error: ac_nonexistent.h: No such file or directory
compilation terminated.
configure:3724: $? = 1
configure: failed program was:
| /* confdefs.h */
| #define PACKAGE_NAME "ethtool"
| #define PACKAGE_TARNAME "ethtool"
| #define PACKAGE_VERSION "4.19"
| #define PACKAGE_STRING "ethtool 4.19"
| #define PACKAGE_BUGREPORT "netdev@vger.kernel.org"
| #define PACKAGE_URL ""
| #define PACKAGE "ethtool"
| #define VERSION "4.19"
| /* end confdefs.h.  */
| #include <ac_nonexistent.h>
configure:3749: result: arm-linux-gnueabi-gcc -E
configure:3769: arm-linux-gnueabi-gcc -E -I/home/shane/Downloads/action/New_SDK/Vecoo-SDK-v5-hdmi.Linux-x86_64/out/v5-hdmi/staging_dir/target/usr/include -I/home/shane/Downloads/action/New_SDK/Vecoo-SDK-v5-hdmi.Linux-x86_64/out/v5-hdmi/staging_dir/target/include -I/home/shane/Downloads/action/New_SDK/Vecoo-SDK-v5-hdmi.Linux-x86_64/prebuilt/gcc/linux-x86/arm/toolchain-sun8iw12p1-glibc/toolchain/usr/include -I/home/shane/Downloads/action/New_SDK/Vecoo-SDK-v5-hdmi.Linux-x86_64/prebuilt/gcc/linux-x86/arm/toolchain-sun8iw12p1-glibc/toolchain/include  conftest.c
configure:3769: $? = 0
configure:3783: arm-linux-gnueabi-gcc -E -I/home/shane/Downloads/action/New_SDK/Vecoo-SDK-v5-hdmi.Linux-x86_64/out/v5-hdmi/staging_dir/target/usr/include -I/home/shane/Downloads/action/New_SDK/Vecoo-SDK-v5-hdmi.Linux-x86_64/out/v5-hdmi/staging_dir/target/include -I/home/shane/Downloads/action/New_SDK/Vecoo-SDK-v5-hdmi.Linux-x86_64/prebuilt/gcc/linux-x86/arm/toolchain-sun8iw12p1-glibc/toolchain/usr/include -I/home/shane/Downloads/action/New_SDK/Vecoo-SDK-v5-hdmi.Linux-x86_64/prebuilt/gcc/linux-x86/arm/toolchain-sun8iw12p1-glibc/toolchain/include  conftest.c
conftest.c:11:28: fatal error: ac_nonexistent.h: No such file or directory
compilation terminated.
configure:3783: $? = 1
configure: failed program was:
| /* confdefs.h */
| #define PACKAGE_NAME "ethtool"
| #define PACKAGE_TARNAME "ethtool"
| #define PACKAGE_VERSION "4.19"
| #define PACKAGE_STRING "ethtool 4.19"
| #define PACKAGE_BUGREPORT "netdev@vger.kernel.org"
| #define PACKAGE_URL ""
| #define PACKAGE "ethtool"
| #define VERSION "4.19"
| /* end confdefs.h.  */
| #include <ac_nonexistent.h>
configure:3812: checking for grep that handles long lines and -e
configure:3870: result: /home/shane/Downloads/action/New_SDK/Vecoo-SDK-v5-hdmi.Linux-x86_64/out/host/bin/grep
configure:3875: checking for egrep
configure:3937: result: /home/shane/Downloads/action/New_SDK/Vecoo-SDK-v5-hdmi.Linux-x86_64/out/host/bin/grep -E
configure:3943: checking whether arm-linux-gnueabi-gcc needs -traditional
configure:3977: result: no
configure:3988: checking whether <linux/types.h> defines big-endian types
configure:4001: arm-linux-gnueabi-gcc -c -Os -pipe -march=armv7-a -mtune=cortex-a7 -mfpu=neon -fno-caller-saves -fno-plt -mfloat-abi=softfp  -Wformat -Werror=format-security -D_FORTIFY_SOURCE=1 -Wl,-z,now -Wl,-z,relro  -I/home/shane/Downloads/action/New_SDK/Vecoo-SDK-v5-hdmi.Linux-x86_64/out/v5-hdmi/staging_dir/target/usr/include -I/home/shane/Downloads/action/New_SDK/Vecoo-SDK-v5-hdmi.Linux-x86_64/out/v5-hdmi/staging_dir/target/include -I/home/shane/Downloads/action/New_SDK/Vecoo-SDK-v5-hdmi.Linux-x86_64/prebuilt/gcc/linux-x86/arm/toolchain-sun8iw12p1-glibc/toolchain/usr/include -I/home/shane/Downloads/action/New_SDK/Vecoo-SDK-v5-hdmi.Linux-x86_64/prebuilt/gcc/linux-x86/arm/toolchain-sun8iw12p1-glibc/toolchain/include  conftest.c >&5
configure:4001: $? = 0
configure:4002: result: yes
configure:4013: checking for ANSI C header files
configure:4033: arm-linux-gnueabi-gcc -c -Os -pipe -march=armv7-a -mtune=cortex-a7 -mfpu=neon -fno-caller-saves -fno-plt -mfloat-abi=softfp  -Wformat -Werror=format-security -D_FORTIFY_SOURCE=1 -Wl,-z,now -Wl,-z,relro  -I/home/shane/Downloads/action/New_SDK/Vecoo-SDK-v5-hdmi.Linux-x86_64/out/v5-hdmi/staging_dir/target/usr/include -I/home/shane/Downloads/action/New_SDK/Vecoo-SDK-v5-hdmi.Linux-x86_64/out/v5-hdmi/staging_dir/target/include -I/home/shane/Downloads/action/New_SDK/Vecoo-SDK-v5-hdmi.Linux-x86_64/prebuilt/gcc/linux-x86/arm/toolchain-sun8iw12p1-glibc/toolchain/usr/include -I/home/shane/Downloads/action/New_SDK/Vecoo-SDK-v5-hdmi.Linux-x86_64/prebuilt/gcc/linux-x86/arm/toolchain-sun8iw12p1-glibc/toolchain/include  conftest.c >&5
configure:4033: $? = 0
configure:4117: result: yes
configure:4128: checking for socket
configure:4128: arm-linux-gnueabi-gcc -o conftest -Os -pipe -march=armv7-a -mtune=cortex-a7 -mfpu=neon -fno-caller-saves -fno-plt -mfloat-abi=softfp  -Wformat -Werror=format-security -D_FORTIFY_SOURCE=1 -Wl,-z,now -Wl,-z,relro  -I/home/shane/Downloads/action/New_SDK/Vecoo-SDK-v5-hdmi.Linux-x86_64/out/v5-hdmi/staging_dir/target/usr/include -I/home/shane/Downloads/action/New_SDK/Vecoo-SDK-v5-hdmi.Linux-x86_64/out/v5-hdmi/staging_dir/target/include -I/home/shane/Downloads/action/New_SDK/Vecoo-SDK-v5-hdmi.Linux-x86_64/prebuilt/gcc/linux-x86/arm/toolchain-sun8iw12p1-glibc/toolchain/usr/include -I/home/shane/Downloads/action/New_SDK/Vecoo-SDK-v5-hdmi.Linux-x86_64/prebuilt/gcc/linux-x86/arm/toolchain-sun8iw12p1-glibc/toolchain/include  -L/home/shane/Downloads/action/New_SDK/Vecoo-SDK-v5-hdmi.Linux-x86_64/out/v5-hdmi/staging_dir/target/usr/lib -L/home/shane/Downloads/action/New_SDK/Vecoo-SDK-v5-hdmi.Linux-x86_64/out/v5-hdmi/staging_dir/target/lib -L/home/shane/Downloads/action/New_SDK/Vecoo-SDK-v5-hdmi.Linux-x86_64/prebuilt/gcc/linux-x86/arm/toolchain-sun8iw12p1-glibc/toolchain/usr/lib -L/home/shane/Downloads/action/New_SDK/Vecoo-SDK-v5-hdmi.Linux-x86_64/prebuilt/gcc/linux-x86/arm/toolchain-sun8iw12p1-glibc/toolchain/lib -znow -zrelro  conftest.c  >&5
configure:4128: $? = 0
configure:4128: result: yes
configure:4128: checking for strtol
configure:4128: arm-linux-gnueabi-gcc -o conftest -Os -pipe -march=armv7-a -mtune=cortex-a7 -mfpu=neon -fno-caller-saves -fno-plt -mfloat-abi=softfp  -Wformat -Werror=format-security -D_FORTIFY_SOURCE=1 -Wl,-z,now -Wl,-z,relro  -I/home/shane/Downloads/action/New_SDK/Vecoo-SDK-v5-hdmi.Linux-x86_64/out/v5-hdmi/staging_dir/target/usr/include -I/home/shane/Downloads/action/New_SDK/Vecoo-SDK-v5-hdmi.Linux-x86_64/out/v5-hdmi/staging_dir/target/include -I/home/shane/Downloads/action/New_SDK/Vecoo-SDK-v5-hdmi.Linux-x86_64/prebuilt/gcc/linux-x86/arm/toolchain-sun8iw12p1-glibc/toolchain/usr/include -I/home/shane/Downloads/action/New_SDK/Vecoo-SDK-v5-hdmi.Linux-x86_64/prebuilt/gcc/linux-x86/arm/toolchain-sun8iw12p1-glibc/toolchain/include  -L/home/shane/Downloads/action/New_SDK/Vecoo-SDK-v5-hdmi.Linux-x86_64/out/v5-hdmi/staging_dir/target/usr/lib -L/home/shane/Downloads/action/New_SDK/Vecoo-SDK-v5-hdmi.Linux-x86_64/out/v5-hdmi/staging_dir/target/lib -L/home/shane/Downloads/action/New_SDK/Vecoo-SDK-v5-hdmi.Linux-x86_64/prebuilt/gcc/linux-x86/arm/toolchain-sun8iw12p1-glibc/toolchain/usr/lib -L/home/shane/Downloads/action/New_SDK/Vecoo-SDK-v5-hdmi.Linux-x86_64/prebuilt/gcc/linux-x86/arm/toolchain-sun8iw12p1-glibc/toolchain/lib -znow -zrelro  conftest.c  >&5
configure:4128: $? = 0
configure:4128: result: yes
configure:4270: checking that generated files are newer than configure
configure:4276: result: done
configure:4307: creating ./config.status

## ---------------------- ##
## Running config.status. ##
## ---------------------- ##

This file was extended by ethtool config.status 4.19, which was
generated by GNU Autoconf 2.69.  Invocation command line was

  CONFIG_FILES    = 
  CONFIG_HEADERS  = 
  CONFIG_LINKS    = 
  CONFIG_COMMANDS = 
  $ ./config.status 

on CJSCOPE

config.status:861: creating Makefile
config.status:861: creating ethtool.spec
config.status:861: creating ethtool.8
config.status:861: creating ethtool-config.h
config.status:1090: executing depfiles commands
configure:5621: WARNING: unrecognized options: --disable-nls

## ---------------- ##
## Cache variables. ##
## ---------------- ##

ac_cv_c_bigendian=no
ac_cv_c_compiler_gnu=yes
ac_cv_c_gettext_without_libintl=yes
ac_cv_c_littleendian=yes
ac_cv_c_long_double=no
ac_cv_conv_longlong_to_float=yes
ac_cv_env_CC_set=set
ac_cv_env_CC_value=arm-linux-gnueabi-gcc
ac_cv_env_CFLAGS_set=set
ac_cv_env_CFLAGS_value='-Os -pipe -march=armv7-a -mtune=cortex-a7 -mfpu=neon -fno-caller-saves -fno-plt -mfloat-abi=softfp  -Wformat -Werror=format-security -D_FORTIFY_SOURCE=1 -Wl,-z,now -Wl,-z,relro '
ac_cv_env_CPPFLAGS_set=set
ac_cv_env_CPPFLAGS_value='-I/home/shane/Downloads/action/New_SDK/Vecoo-SDK-v5-hdmi.Linux-x86_64/out/v5-hdmi/staging_dir/target/usr/include -I/home/shane/Downloads/action/New_SDK/Vecoo-SDK-v5-hdmi.Linux-x86_64/out/v5-hdmi/staging_dir/target/include -I/home/shane/Downloads/action/New_SDK/Vecoo-SDK-v5-hdmi.Linux-x86_64/prebuilt/gcc/linux-x86/arm/toolchain-sun8iw12p1-glibc/toolchain/usr/include -I/home/shane/Downloads/action/New_SDK/Vecoo-SDK-v5-hdmi.Linux-x86_64/prebuilt/gcc/linux-x86/arm/toolchain-sun8iw12p1-glibc/toolchain/include '
ac_cv_env_CPP_set=
ac_cv_env_CPP_value=
ac_cv_env_LDFLAGS_set=set
ac_cv_env_LDFLAGS_value='-L/home/shane/Downloads/action/New_SDK/Vecoo-SDK-v5-hdmi.Linux-x86_64/out/v5-hdmi/staging_dir/target/usr/lib -L/home/shane/Downloads/action/New_SDK/Vecoo-SDK-v5-hdmi.Linux-x86_64/out/v5-hdmi/staging_dir/target/lib -L/home/shane/Downloads/action/New_SDK/Vecoo-SDK-v5-hdmi.Linux-x86_64/prebuilt/gcc/linux-x86/arm/toolchain-sun8iw12p1-glibc/toolchain/usr/lib -L/home/shane/Downloads/action/New_SDK/Vecoo-SDK-v5-hdmi.Linux-x86_64/prebuilt/gcc/linux-x86/arm/toolchain-sun8iw12p1-glibc/toolchain/lib -znow -zrelro '
ac_cv_env_LIBS_set=
ac_cv_env_LIBS_value=
ac_cv_env_build_alias_set=set
ac_cv_env_build_alias_value=x86_64-linux-gnu
ac_cv_env_host_alias_set=set
ac_cv_env_host_alias_value=arm-openwrt-linux
ac_cv_env_target_alias_set=set
ac_cv_env_target_alias_value=arm-openwrt-linux
ac_cv_file__dev_zero=yes
ac_cv_func___adjtimex=yes
ac_cv_func___va_copy=no
ac_cv_func__exit=yes
ac_cv_func_bcmp=yes
ac_cv_func_bcopy=yes
ac_cv_func_bzero=yes
ac_cv_func_cimag=yes
ac_cv_func_creal=yes
ac_cv_func_fchmod=yes
ac_cv_func_getaddrinfo=yes
ac_cv_func_getcwd=yes
ac_cv_func_getdomainname=yes
ac_cv_func_getpgrp_void=yes
ac_cv_func_getpwuid_r=yes
ac_cv_func_gettimeofday=yes
ac_cv_func_index=yes
ac_cv_func_lstat=yes
ac_cv_func_lstat_dereferences_slashed_symlink=yes
ac_cv_func_lstat_empty_string_bug=no
ac_cv_func_malloc_0_nonnull=yes
ac_cv_func_malloc_works=yes
ac_cv_func_memcmp_clean=yes
ac_cv_func_memcmp_working=yes
ac_cv_func_posix_getgrgid_r=yes
ac_cv_func_posix_getpwuid_r=yes
ac_cv_func_psignal=yes
ac_cv_func_pthread_key_delete=yes
ac_cv_func_realloc_0_nonnull=yes
ac_cv_func_realloc_works=yes
ac_cv_func_rename=yes
ac_cv_func_rindex=yes
ac_cv_func_setgrent_void=yes
ac_cv_func_setlocale=yes
ac_cv_func_setpgrp_void=yes
ac_cv_func_setresuid=no
ac_cv_func_setvbuf_reversed=no
ac_cv_func_socket=yes
ac_cv_func_stat_empty_string_bug=no
ac_cv_func_stat_ignores_trailing_slash=no
ac_cv_func_strerror=yes
ac_cv_func_strftime=yes
ac_cv_func_strtol=yes
ac_cv_func_utimes=yes
ac_cv_func_va_copy=no
ac_cv_func_vsnprintf=yes
ac_cv_have_accrights_in_msghdr=no
ac_cv_have_broken_snprintf=no
ac_cv_have_control_in_msghdr=yes
ac_cv_have_decl_sys_siglist=no
ac_cv_have_openpty_ctty_bug=yes
ac_cv_have_space_d_name_in_struct_dirent=yes
ac_cv_header_netinet_sctp_h=no
ac_cv_header_netinet_sctp_uio_h=no
ac_cv_header_stdc=yes
ac_cv_int64_t=yes
ac_cv_lbl_unaligned_fail=no
ac_cv_linux_kernel_pppoe=yes
ac_cv_linux_vers=2
ac_cv_objext=o
ac_cv_pack_bitfields_reversed=yes
ac_cv_path_EGREP='/home/shane/Downloads/action/New_SDK/Vecoo-SDK-v5-hdmi.Linux-x86_64/out/host/bin/grep -E'
ac_cv_path_GREP=/home/shane/Downloads/action/New_SDK/Vecoo-SDK-v5-hdmi.Linux-x86_64/out/host/bin/grep
ac_cv_path_LDCONFIG=
ac_cv_path_install='/usr/bin/install -c'
ac_cv_path_mkdir=/bin/mkdir
ac_cv_prog_AWK=gawk
ac_cv_prog_CC=arm-linux-gnueabi-gcc
ac_cv_prog_CPP='arm-linux-gnueabi-gcc -E'
ac_cv_prog_STRIP=arm-linux-gnueabi-strip
ac_cv_prog_cc_c89=
ac_cv_prog_cc_g=yes
ac_cv_prog_gcc_traditional=no
ac_cv_prog_make_make_set=yes
ac_cv_regexec_segfault_emptystr=no
ac_cv_sctp=no
ac_cv_sizeof___int64=0
ac_cv_sizeof_char=1
ac_cv_sizeof_int16_t=2
ac_cv_sizeof_int32_t=4
ac_cv_sizeof_int64_t=8
ac_cv_sizeof_int=4
ac_cv_sizeof_long=4
ac_cv_sizeof_long_int=4
ac_cv_sizeof_long_long=8
ac_cv_sizeof_off_t=8
ac_cv_sizeof_short=2
ac_cv_sizeof_short_int=2
ac_cv_sizeof_size_t=4
ac_cv_sizeof_ssize_t=4
ac_cv_sizeof_u_int16_t=2
ac_cv_sizeof_u_int32_t=4
ac_cv_sizeof_u_int64_t=8
ac_cv_sizeof_uint16_t=2
ac_cv_sizeof_uint32_t=4
ac_cv_sizeof_uint64_t=8
ac_cv_sizeof_unsigned_int=4
ac_cv_sizeof_unsigned_long=4
ac_cv_sizeof_unsigned_long_long=8
ac_cv_sizeof_unsigned_short=2
ac_cv_sizeof_void_p=4
ac_cv_sys_restartable_syscalls=yes
ac_cv_time_r_type=POSIX
ac_cv_type_suseconds_t=yes
ac_cv_uchar=no
ac_cv_uint64_t=yes
ac_cv_uint=yes
ac_cv_ulong=yes
ac_cv_ushort=yes
ac_cv_va_copy=C99
ac_cv_va_val_copy=yes
am_cv_CC_dependencies_compiler_type=gcc3
am_cv_make_support_nested_variables=yes
am_cv_prog_cc_c_o=yes
as_cv_unaligned_access=yes

## ----------------- ##
## Output variables. ##
## ----------------- ##

ACLOCAL='${SHELL} /home/shane/Downloads/action/New_SDK/Vecoo-SDK-v5-hdmi.Linux-x86_64/out/v5-hdmi/compile_dir/target/ethtool-4.19/missing aclocal-1.15'
AMDEPBACKSLASH='\'
AMDEP_FALSE='#'
AMDEP_TRUE=''
AMTAR='$${TAR-tar}'
AM_BACKSLASH='\'
AM_DEFAULT_V='1'
AM_DEFAULT_VERBOSITY='1'
AM_V='1'
AUTOCONF='${SHELL} /home/shane/Downloads/action/New_SDK/Vecoo-SDK-v5-hdmi.Linux-x86_64/out/v5-hdmi/compile_dir/target/ethtool-4.19/missing autoconf'
AUTOHEADER='${SHELL} /home/shane/Downloads/action/New_SDK/Vecoo-SDK-v5-hdmi.Linux-x86_64/out/v5-hdmi/compile_dir/target/ethtool-4.19/missing autoheader'
AUTOMAKE='${SHELL} /home/shane/Downloads/action/New_SDK/Vecoo-SDK-v5-hdmi.Linux-x86_64/out/v5-hdmi/compile_dir/target/ethtool-4.19/missing automake-1.15'
AWK='gawk'
CC='arm-linux-gnueabi-gcc'
CCDEPMODE='depmode=gcc3'
CFLAGS='-Os -pipe -march=armv7-a -mtune=cortex-a7 -mfpu=neon -fno-caller-saves -fno-plt -mfloat-abi=softfp  -Wformat -Werror=format-security -D_FORTIFY_SOURCE=1 -Wl,-z,now -Wl,-z,relro '
CPP='arm-linux-gnueabi-gcc -E'
CPPFLAGS='-I/home/shane/Downloads/action/New_SDK/Vecoo-SDK-v5-hdmi.Linux-x86_64/out/v5-hdmi/staging_dir/target/usr/include -I/home/shane/Downloads/action/New_SDK/Vecoo-SDK-v5-hdmi.Linux-x86_64/out/v5-hdmi/staging_dir/target/include -I/home/shane/Downloads/action/New_SDK/Vecoo-SDK-v5-hdmi.Linux-x86_64/prebuilt/gcc/linux-x86/arm/toolchain-sun8iw12p1-glibc/toolchain/usr/include -I/home/shane/Downloads/action/New_SDK/Vecoo-SDK-v5-hdmi.Linux-x86_64/prebuilt/gcc/linux-x86/arm/toolchain-sun8iw12p1-glibc/toolchain/include '
CYGPATH_W='echo'
DEFS='-DHAVE_CONFIG_H'
DEPDIR='.deps'
ECHO_C=''
ECHO_N='-n'
ECHO_T=''
EGREP='/home/shane/Downloads/action/New_SDK/Vecoo-SDK-v5-hdmi.Linux-x86_64/out/host/bin/grep -E'
ETHTOOL_ENABLE_PRETTY_DUMP_FALSE='#'
ETHTOOL_ENABLE_PRETTY_DUMP_TRUE=''
EXEEXT=''
GREP='/home/shane/Downloads/action/New_SDK/Vecoo-SDK-v5-hdmi.Linux-x86_64/out/host/bin/grep'
INSTALL_DATA='${INSTALL} -m 644'
INSTALL_PROGRAM='${INSTALL}'
INSTALL_SCRIPT='${INSTALL}'
INSTALL_STRIP_PROGRAM='$(install_sh) -c -s'
LDFLAGS='-L/home/shane/Downloads/action/New_SDK/Vecoo-SDK-v5-hdmi.Linux-x86_64/out/v5-hdmi/staging_dir/target/usr/lib -L/home/shane/Downloads/action/New_SDK/Vecoo-SDK-v5-hdmi.Linux-x86_64/out/v5-hdmi/staging_dir/target/lib -L/home/shane/Downloads/action/New_SDK/Vecoo-SDK-v5-hdmi.Linux-x86_64/prebuilt/gcc/linux-x86/arm/toolchain-sun8iw12p1-glibc/toolchain/usr/lib -L/home/shane/Downloads/action/New_SDK/Vecoo-SDK-v5-hdmi.Linux-x86_64/prebuilt/gcc/linux-x86/arm/toolchain-sun8iw12p1-glibc/toolchain/lib -znow -zrelro '
LIBOBJS=''
LIBS=''
LTLIBOBJS=''
MAINT='#'
MAINTAINER_MODE_FALSE=''
MAINTAINER_MODE_TRUE='#'
MAKEINFO='${SHELL} /home/shane/Downloads/action/New_SDK/Vecoo-SDK-v5-hdmi.Linux-x86_64/out/v5-hdmi/compile_dir/target/ethtool-4.19/missing makeinfo'
MKDIR_P='/bin/mkdir -p'
OBJEXT='o'
PACKAGE='ethtool'
PACKAGE_BUGREPORT='netdev@vger.kernel.org'
PACKAGE_NAME='ethtool'
PACKAGE_STRING='ethtool 4.19'
PACKAGE_TARNAME='ethtool'
PACKAGE_URL=''
PACKAGE_VERSION='4.19'
PATH_SEPARATOR=':'
SET_MAKE=''
SHELL='/bin/bash'
STRIP='arm-linux-gnueabi-strip'
VERSION='4.19'
ac_ct_CC=''
am__EXEEXT_FALSE=''
am__EXEEXT_TRUE='#'
am__fastdepCC_FALSE='#'
am__fastdepCC_TRUE=''
am__include='include'
am__isrc=''
am__leading_dot='.'
am__nodep='_no'
am__quote=''
am__tar='$${TAR-tar} chof - "$$tardir"'
am__untar='$${TAR-tar} xf -'
bindir='/usr/bin'
build_alias='x86_64-linux-gnu'
datadir='/usr/share'
datarootdir='${prefix}/share'
docdir='${datarootdir}/doc/${PACKAGE_TARNAME}'
dvidir='${docdir}'
exec_prefix='/usr'
host_alias='arm-openwrt-linux'
htmldir='${docdir}'
includedir='${prefix}/include'
infodir='/usr/info'
install_sh='${SHELL} /home/shane/Downloads/action/New_SDK/Vecoo-SDK-v5-hdmi.Linux-x86_64/out/v5-hdmi/compile_dir/target/ethtool-4.19/install-sh'
libdir='${exec_prefix}/lib'
libexecdir='/usr/lib'
localedir='${datarootdir}/locale'
localstatedir='/var'
mandir='/usr/man'
mkdir_p='$(MKDIR_P)'
oldincludedir='/usr/include'
pdfdir='${docdir}'
prefix='/usr'
program_transform_name='s&$$&&;s&^&&'
psdir='${docdir}'
sbindir='/usr/sbin'
sharedstatedir='${prefix}/com'
sysconfdir='/etc'
target_alias='arm-openwrt-linux'

## ----------- ##
## confdefs.h. ##
## ----------- ##

/* confdefs.h */
#define PACKAGE_NAME "ethtool"
#define PACKAGE_TARNAME "ethtool"
#define PACKAGE_VERSION "4.19"
#define PACKAGE_STRING "ethtool 4.19"
#define PACKAGE_BUGREPORT "netdev@vger.kernel.org"
#define PACKAGE_URL ""
#define PACKAGE "ethtool"
#define VERSION "4.19"
#define HAVE_BE_TYPES 1
#define STDC_HEADERS 1
#define HAVE_SOCKET 1
#define HAVE_STRTOL 1
#define ETHTOOL_ENABLE_PRETTY_DUMP 1

configure: exit 0
